sourcing C:\Microsemi\Libero_SoC_v11.7\Synplify\lib\message_override.tcl


Starting:    C:\Microsemi\Libero_SoC_v11.7\Synplify\bin64\mbin\synbatch.exe
Install:     C:\Microsemi\Libero_SoC_v11.7\Synplify
Hostname:    ACTEL-25
Date:        Tue Oct 24 17:52:24 2017
Version:     J-2015.03M-SP1-2

Arguments:   -product synplify_pro -licensetype synplifypro_actel -batch -log synplify.log M2S010_Ethernet_syn.tcl
ProductType: synplify_pro

License checkout: synplifypro_actel
License: synplifypro_actel node-locked 
Licensed Vendor: actel
License Option: actel_oem

Running in Vendor Mode


auto_infer_blackbox is not supported in current product.

log file: "D:\Demo\M2S\8\M2S010_Ethernet\synthesis\M2S010_Ethernet.srr"

Running: synthesis in foreground



Running M2S010_Ethernet_syn|synthesis


Running: compile (Compile) on M2S010_Ethernet_syn|synthesis


Running: compile_flow (Compile Process) on M2S010_Ethernet_syn|synthesis


Running: compiler (Compile Input) on M2S010_Ethernet_syn|synthesis

Copied D:\Demo\M2S\8\M2S010_Ethernet\synthesis\synwork\M2S010_Ethernet_comp.srs to D:\Demo\M2S\8\M2S010_Ethernet\synthesis\M2S010_Ethernet.srs


compiler Completed
Return Code: 0
Run Time:0h:00m:02s


Running: multi_srs_gen (Multi-srs Generator) on M2S010_Ethernet_syn|synthesis

Copied D:\Demo\M2S\8\M2S010_Ethernet\synthesis\synwork\M2S010_Ethernet_comp.srs to D:\Demo\M2S\8\M2S010_Ethernet\synthesis\synwork\M2S010_Ethernet_s.srs


multi_srs_gen Completed
Return Code: 0
Run Time:0h:00m:00s

Copied D:\Demo\M2S\8\M2S010_Ethernet\synthesis\synwork\M2S010_Ethernet_mult.srs to D:\Demo\M2S\8\M2S010_Ethernet\synthesis\M2S010_Ethernet.srs

Complete: Compile Process on M2S010_Ethernet_syn|synthesis


Running: premap (Pre-mapping) on M2S010_Ethernet_syn|synthesis

Copied D:\Demo\M2S\8\M2S010_Ethernet\synthesis\M2S010_Ethernet.sap to D:\Demo\M2S\8\M2S010_Ethernet\synthesis\synwork\M2S010_Ethernet_s.sap

Copied D:\Demo\M2S\8\M2S010_Ethernet\synthesis\M2S010_Ethernet.fse to D:\Demo\M2S\8\M2S010_Ethernet\synthesis\synwork\M2S010_Ethernet_s.fse


premap Completed with warnings
Return Code: 1
Run Time:0h:00m:01s

Complete: Compile on M2S010_Ethernet_syn|synthesis


Running: map (Map) on M2S010_Ethernet_syn|synthesis


Running: fpga_mapper (Map & Optimize) on M2S010_Ethernet_syn|synthesis

Copied D:\Demo\M2S\8\M2S010_Ethernet\synthesis\synwork\M2S010_Ethernet_m.srm to D:\Demo\M2S\8\M2S010_Ethernet\synthesis\M2S010_Ethernet.srm


fpga_mapper Completed with warnings
Return Code: 1
Run Time:0h:00m:01s

Complete: Map on M2S010_Ethernet_syn|synthesis

Complete: Logic Synthesis on M2S010_Ethernet_syn|synthesis

TCL script complete: "M2S010_Ethernet_syn.tcl"

exit status=0

exit status=0

License checkin: synplifypro_actel

