sourcing C:\Microsemi\Libero_SoC_v11.7\Synplify\lib\message_override.tcl


Starting:    C:\Microsemi\Libero_SoC_v11.7\Synplify\bin64\mbin\synbatch.exe
Install:     C:\Microsemi\Libero_SoC_v11.7\Synplify
Hostname:    ACTEL-25
Date:        Tue Jul 04 12:37:05 2017
Version:     J-2015.03M-SP1-2

Arguments:   -product synplify_pro -licensetype synplifypro_actel -batch -log synplify.log M2S010_USB_vcp_syn.tcl
ProductType: synplify_pro

License checkout: synplifypro_actel
License: synplifypro_actel node-locked 
Licensed Vendor: actel
License Option: actel_oem

Running in Vendor Mode


auto_infer_blackbox is not supported in current product.

log file: "E:\Projects\Actel\ActelKit\RefDes\7\SoC\M2S010_USB_vcp\synthesis\M2S010_USB_vcp.srr"

Running: synthesis in foreground



Running M2S010_USB_vcp_syn|synthesis


Running: compile (Compile) on M2S010_USB_vcp_syn|synthesis


Running: compile_flow (Compile Process) on M2S010_USB_vcp_syn|synthesis


Running: compiler (Compile Input) on M2S010_USB_vcp_syn|synthesis

Copied E:\Projects\Actel\ActelKit\RefDes\7\SoC\M2S010_USB_vcp\synthesis\synwork\M2S010_USB_vcp_comp.srs to E:\Projects\Actel\ActelKit\RefDes\7\SoC\M2S010_USB_vcp\synthesis\M2S010_USB_vcp.srs


compiler Completed
Return Code: 0
Run Time:0h:00m:02s


Running: multi_srs_gen (Multi-srs Generator) on M2S010_USB_vcp_syn|synthesis

Copied E:\Projects\Actel\ActelKit\RefDes\7\SoC\M2S010_USB_vcp\synthesis\synwork\M2S010_USB_vcp_comp.srs to E:\Projects\Actel\ActelKit\RefDes\7\SoC\M2S010_USB_vcp\synthesis\synwork\M2S010_USB_vcp_s.srs


multi_srs_gen Completed
Return Code: 0
Run Time:0h:00m:00s

Copied E:\Projects\Actel\ActelKit\RefDes\7\SoC\M2S010_USB_vcp\synthesis\synwork\M2S010_USB_vcp_mult.srs to E:\Projects\Actel\ActelKit\RefDes\7\SoC\M2S010_USB_vcp\synthesis\M2S010_USB_vcp.srs

Complete: Compile Process on M2S010_USB_vcp_syn|synthesis


Running: premap (Pre-mapping) on M2S010_USB_vcp_syn|synthesis

Copied E:\Projects\Actel\ActelKit\RefDes\7\SoC\M2S010_USB_vcp\synthesis\M2S010_USB_vcp.sap to E:\Projects\Actel\ActelKit\RefDes\7\SoC\M2S010_USB_vcp\synthesis\synwork\M2S010_USB_vcp_s.sap

Copied E:\Projects\Actel\ActelKit\RefDes\7\SoC\M2S010_USB_vcp\synthesis\M2S010_USB_vcp.fse to E:\Projects\Actel\ActelKit\RefDes\7\SoC\M2S010_USB_vcp\synthesis\synwork\M2S010_USB_vcp_s.fse


premap Completed with warnings
Return Code: 1
Run Time:0h:00m:01s

Complete: Compile on M2S010_USB_vcp_syn|synthesis


Running: map (Map) on M2S010_USB_vcp_syn|synthesis


Running: fpga_mapper (Map & Optimize) on M2S010_USB_vcp_syn|synthesis

Copied E:\Projects\Actel\ActelKit\RefDes\7\SoC\M2S010_USB_vcp\synthesis\synwork\M2S010_USB_vcp_m.srm to E:\Projects\Actel\ActelKit\RefDes\7\SoC\M2S010_USB_vcp\synthesis\M2S010_USB_vcp.srm


fpga_mapper Completed with warnings
Return Code: 1
Run Time:0h:00m:02s

Complete: Map on M2S010_USB_vcp_syn|synthesis

Complete: Logic Synthesis on M2S010_USB_vcp_syn|synthesis

TCL script complete: "M2S010_USB_vcp_syn.tcl"

exit status=0

exit status=0

License checkin: synplifypro_actel

