Resource Report
Microsemi Corporation - Microsemi Libero Software Release v11.8 (Version 11.8.0.26)
Date: Tue Jul 04 12:37:15 2017

Device Selection
+--------------------------------+----------------+
| Family                         | SmartFusion2   |
| Device                         | M2S010         |
| Package                        | 144 TQ         |
| Speed Grade                    | STD            |
| Temp                           | 0:25:85        |
| Voltage                        | 1.26:1.20:1.14 |
| Core Voltage                   | 1.2V           |
| Ramp Rate                      | 100ms Minimum  |
| System Controller Suspend Mode | No             |
| PLL Supply Voltage             | 2.5V           |
| Default I/O technology         | LVCMOS 2.5V    |
| Restrict Probe Pins            | Yes            |
| Restrict SPI Pins              | No             |
+--------------------------------+----------------+

Source Files
+---------+-------------------------------------------------------------------------------------+
| Topcell | M2S010_USB_vcp                                                                      |
| Format  | EDIF                                                                                |
| Source  | E:\Projects\Actel\ActelKit\RefDes\7\SoC\M2S010_USB_vcp\synthesis\M2S010_USB_vcp.edn |
+---------+-------------------------------------------------------------------------------------+

Options
+----------------------------------------------------+-------+
| Enable Single Event Transient mitigation           | false |
| Enable Design Separation Methodology               | false |
| Limit the number of high fanout nets to display to | 10    |
+----------------------------------------------------+-------+

Resource Usage
+---------------------------+------+-------+------------+
| Type                      | Used | Total | Percentage |
+---------------------------+------+-------+------------+
| 4LUT                      | 1    | 12084 | 0.01       |
| DFF                       | 0    | 12084 | 0.00       |
| I/O Register              | 0    | 252   | 0.00       |
| User I/O                  | 15   | 84    | 17.86      |
| -- Single-ended I/O       | 15   | 84    | 17.86      |
| -- Differential I/O Pairs | 0    | 37    | 0.00       |
| RAM64x18                  | 0    | 22    | 0.00       |
| RAM1K18                   | 0    | 21    | 0.00       |
| MACC                      | 0    | 22    | 0.00       |
| Chip Globals              | 1    | 8     | 12.50      |
| CCC                       | 0    | 2     | 0.00       |
| RCOSC_25_50MHZ            | 1    | 1     | 100.00     |
| RCOSC_1MHZ                | 0    | 1     | 0.00       |
| XTLOSC                    | 0    | 1     | 0.00       |
| MSS                       | 1    | 1     | 100.00     |
+---------------------------+------+-------+------------+

Detailed Logic Resource Usage
+--------------------------+------+-----+
| Type                     | 4LUT | DFF |
+--------------------------+------+-----+
| Fabric Logic             | 1    | 0   |
| RAM64x18 Interface Logic | 0    | 0   |
| RAM1K18 Interface Logic  | 0    | 0   |
| MACC Interface Logic     | 0    | 0   |
| Total Used               | 1    | 0   |
+--------------------------+------+-----+

MSS Resource Usage
+---------------+------+-------+
| Type          | Used | Total |
+---------------+------+-------+
| Cortex-M3*    | 1    | 1     |
| eNVM (256KB)* | 1    | 1     |
| eSRAM*        | 2    | 2     |
| TIMER*        | 2    | 2     |
| CAN           | 0    | 1     |
| SPI           | 0    | 2     |
| I2C           | 0    | 2     |
| UART          | 1    | 2     |
| USB           | 1    | 1     |
| MAC           | 0    | 1     |
| MDDR          | 0    | 1     |
| HPDMA         | 1    | 1     |
| PDMA          | 1    | 1     |
+---------------+------+-------+

* These resources are always marked as used when you are using the MSS

I/O Function
+-------------------------------+--------------+-------------+-----------------+
| Type                          | w/o register | w/ register | w/ DDR register |
+-------------------------------+--------------+-------------+-----------------+
| Input I/O                     | 5            | 0           | 0               |
| Output I/O                    | 2            | 0           | 0               |
| Bidirectional I/O             | 8            | 0           | 0               |
| Differential Input I/O Pairs  | 0            | 0           | 0               |
| Differential Output I/O Pairs | 0            | 0           | 0               |
+-------------------------------+--------------+-------------+-----------------+

I/O Technology
+--------------+--------+------+-------+--------+---------------+
| I/O Standard | Vddi   | Vref | Input | Output | Bidirectional |
+--------------+--------+------+-------+--------+---------------+
| LVCMOS25     |  2.50v |  N/A |  5    |  2     |  8            |
+--------------+--------+------+-------+--------+---------------+

I/O Placement
+----------+-------+------------+
| Type     | Count | Percentage |
+----------+-------+------------+
| Locked   |  12   | 80.00%     |
| Placed   |  0    | 0.00%      |
| UnPlaced |  3    | 20.00%     |
+----------+-------+------------+

Nets assigned to chip global resources
+--------+---------+---------------------------------------------------+
| Fanout | Type    | Name                                              |
+--------+---------+---------------------------------------------------+
| 1      | INT_NET | Net   : OSC_0_RCOSC_25_50MHZ_O2F                  |
|        |         | Driver: OSC_0/I_RCOSC_25_50MHZ_FAB_CLKINT/U0_RGB1 |
|        |         | Source: NETLIST                                   |
+--------+---------+---------------------------------------------------+

Nets assigned to row global resources
+--------+------+------+
| Fanout | Type | Name |
+--------+------+------+
+--------+------+------+

High fanout nets
+--------+---------+--------------------------------------------------+
| Fanout | Type    | Name                                             |
+--------+---------+--------------------------------------------------+
| 2      | INT_NET | Net   : AND2_0_Y                                 |
|        |         | Driver: AND2_0                                   |
| 1      | INT_NET | Net   : SYSRESET_0_POWER_ON_RESET_N              |
|        |         | Driver: SYSRESET_0                               |
| 1      | INT_NET | Net   : OSC_0/I_RCOSC_25_50MHZ_FAB_CLKINT/U0_YNn |
|        |         | Driver: OSC_0/I_RCOSC_25_50MHZ_FAB_CLKINT        |
| 1      | INT_NET | Net   : BtnReset_c                               |
|        |         | Driver: BtnReset_ibuf                            |
| 1      | INT_NET | Net   : MMUART_0_RXD_F2M_c                       |
|        |         | Driver: MMUART_0_RXD_F2M_ibuf                    |
| 1      | INT_NET | Net   : MMUART_0_TXD_M2F_c                       |
|        |         | Driver: M2S010_USB_vcp_MSS_0/MSS_ADLIB_INST      |
| 1      | INT_NET | Net   : OSC_0/N_RCOSC_25_50MHZ_CLKINT            |
|        |         | Driver: OSC_0/I_RCOSC_25_50MHZ_FAB               |
| 1      | INT_NET | Net   : ff_to_start_net                          |
|        |         | Driver: SYSRESET_0                               |
+--------+---------+--------------------------------------------------+

High fanout nets (through buffer trees)
+--------+---------+--------------------------------------------------+
| Fanout | Type    | Name                                             |
+--------+---------+--------------------------------------------------+
| 2      | INT_NET | Net   : AND2_0_Y                                 |
|        |         | Driver: AND2_0                                   |
| 1      | INT_NET | Net   : SYSRESET_0_POWER_ON_RESET_N              |
|        |         | Driver: SYSRESET_0                               |
| 1      | INT_NET | Net   : OSC_0/I_RCOSC_25_50MHZ_FAB_CLKINT/U0_YNn |
|        |         | Driver: OSC_0/I_RCOSC_25_50MHZ_FAB_CLKINT        |
| 1      | INT_NET | Net   : BtnReset_c                               |
|        |         | Driver: BtnReset_ibuf                            |
| 1      | INT_NET | Net   : MMUART_0_RXD_F2M_c                       |
|        |         | Driver: MMUART_0_RXD_F2M_ibuf                    |
| 1      | INT_NET | Net   : MMUART_0_TXD_M2F_c                       |
|        |         | Driver: M2S010_USB_vcp_MSS_0/MSS_ADLIB_INST      |
| 1      | INT_NET | Net   : OSC_0/N_RCOSC_25_50MHZ_CLKINT            |
|        |         | Driver: OSC_0/I_RCOSC_25_50MHZ_FAB               |
| 1      | INT_NET | Net   : ff_to_start_net                          |
|        |         | Driver: SYSRESET_0                               |
+--------+---------+--------------------------------------------------+

