Resource Usage Report for M2S010_I2C_UART 

Mapping to part: m2s010tq144std
Cell usage:
AND3            1 use
CCC             1 use
CLKINT          1 use
MSS_010         1 use
RCOSC_25_50MHZ  1 use
SYSRESET        1 use


Sequential Cells: 
SLE            0 uses

DSP Blocks:    0

I/O ports: 6
I/O primitives: 5
BIBUF          2 uses
INBUF          2 uses
OUTBUF         1 use


Global Clock Buffers: 1


Total LUTs:    0

Extra resources required for RAM and MACC interface logic during P&R:

RAM64x18 Interface Logic : SLEs = 0; LUTs = 0;
RAM1K18  Interface Logic : SLEs = 0; LUTs = 0;
MACC     Interface Logic : SLEs = 0; LUTs = 0;

Total number of SLEs after P&R:  0 + 0 + 0 + 0 = 0;
Total number of LUTs after P&R:  0 + 0 + 0 + 0 = 0;

