Resource Report
Microsemi Corporation - Microsemi Libero Software Release Libero SoC v11.8 SP1 (Version 11.8.1.12)
Date: Tue Oct 24 17:52:32 2017

Device Selection
+--------------------------------+----------------+
| Family                         | SmartFusion2   |
| Device                         | M2S010         |
| Package                        | 144 TQ         |
| Speed Grade                    | STD            |
| Temp                           | 0:25:85        |
| Voltage                        | 1.26:1.20:1.14 |
| Core Voltage                   | 1.2V           |
| Ramp Rate                      | 100ms Minimum  |
| System Controller Suspend Mode | No             |
| PLL Supply Voltage             | 2.5V           |
| Default I/O technology         | LVCMOS 2.5V    |
| Restrict Probe Pins            | Yes            |
| Restrict SPI Pins              | No             |
+--------------------------------+----------------+

Source Files
+---------+-------------------------------------------------------------+
| Topcell | M2S010_Ethernet                                             |
| Format  | EDIF                                                        |
| Source  | D:\Demo\M2S\8\M2S010_Ethernet\synthesis\M2S010_Ethernet.edn |
+---------+-------------------------------------------------------------+

Options
+----------------------------------------------------+-------+
| Enable Single Event Transient mitigation           | false |
| Enable Design Separation Methodology               | false |
| Limit the number of high fanout nets to display to | 10    |
+----------------------------------------------------+-------+

Resource Usage
+---------------------------+------+-------+------------+
| Type                      | Used | Total | Percentage |
+---------------------------+------+-------+------------+
| 4LUT                      | 44   | 12084 | 0.36       |
| DFF                       | 43   | 12084 | 0.36       |
| I/O Register              | 0    | 252   | 0.00       |
| User I/O                  | 18   | 84    | 21.43      |
| -- Single-ended I/O       | 18   | 84    | 21.43      |
| -- Differential I/O Pairs | 0    | 37    | 0.00       |
| RAM64x18                  | 0    | 22    | 0.00       |
| RAM1K18                   | 0    | 21    | 0.00       |
| MACC                      | 0    | 22    | 0.00       |
| Chip Globals              | 4    | 8     | 50.00      |
| CCC                       | 1    | 2     | 50.00      |
| RCOSC_25_50MHZ            | 0    | 1     | 0.00       |
| RCOSC_1MHZ                | 0    | 1     | 0.00       |
| XTLOSC                    | 1    | 1     | 100.00     |
| MSS                       | 1    | 1     | 100.00     |
+---------------------------+------+-------+------------+

Detailed Logic Resource Usage
+--------------------------+------+-----+
| Type                     | 4LUT | DFF |
+--------------------------+------+-----+
| Fabric Logic             | 44   | 43  |
| RAM64x18 Interface Logic | 0    | 0   |
| RAM1K18 Interface Logic  | 0    | 0   |
| MACC Interface Logic     | 0    | 0   |
| Total Used               | 44   | 43  |
+--------------------------+------+-----+

MSS Resource Usage
+---------------+------+-------+
| Type          | Used | Total |
+---------------+------+-------+
| Cortex-M3*    | 1    | 1     |
| eNVM (256KB)* | 1    | 1     |
| eSRAM*        | 2    | 2     |
| TIMER*        | 2    | 2     |
| CAN           | 0    | 1     |
| SPI           | 0    | 2     |
| I2C           | 0    | 2     |
| UART          | 1    | 2     |
| USB           | 0    | 1     |
| MAC           | 1    | 1     |
| MDDR          | 0    | 1     |
| HPDMA         | 1    | 1     |
| PDMA          | 1    | 1     |
+---------------+------+-------+

* These resources are always marked as used when you are using the MSS

I/O Function
+-------------------------------+--------------+-------------+-----------------+
| Type                          | w/o register | w/ register | w/ DDR register |
+-------------------------------+--------------+-------------+-----------------+
| Input I/O                     | 7            | 0           | 0               |
| Output I/O                    | 10           | 0           | 0               |
| Bidirectional I/O             | 1            | 0           | 0               |
| Differential Input I/O Pairs  | 0            | 0           | 0               |
| Differential Output I/O Pairs | 0            | 0           | 0               |
+-------------------------------+--------------+-------------+-----------------+

I/O Technology
+--------------+--------+------+-------+--------+---------------+
| I/O Standard | Vddi   | Vref | Input | Output | Bidirectional |
+--------------+--------+------+-------+--------+---------------+
| LVCMOS25     |  2.50v |  N/A |  7    |  10    |  1            |
+--------------+--------+------+-------+--------+---------------+

I/O Placement
+----------+-------+------------+
| Type     | Count | Percentage |
+----------+-------+------------+
| Locked   |  0    | 0.00%      |
| Placed   |  0    | 0.00%      |
| UnPlaced |  18   | 100.00%    |
+----------+-------+------------+

Nets assigned to chip global resources
+--------+---------+-------------------------------------+
| Fanout | Type    | Name                                |
+--------+---------+-------------------------------------+
| 44     | INT_NET | Net   : AND3_0_Y                    |
|        |         | Driver: AND3_0_RNILQT1/U0_RGB1      |
|        |         | Source: NETLIST                     |
| 33     | INT_NET | Net   : REFCLK_c                    |
|        |         | Driver: REFCLK_ibuf_RNISI58/U0_RGB1 |
|        |         | Source: NETLIST                     |
| 12     | INT_NET | Net   : FCCC_0_GL0                  |
|        |         | Driver: FCCC_0/GL0_INST/U0_RGB1     |
|        |         | Source: NETLIST                     |
| 1      | INT_NET | Net   : FCCC_0_GL1                  |
|        |         | Driver: FCCC_0/GL1_INST/U0_RGB1     |
|        |         | Source: NETLIST                     |
+--------+---------+-------------------------------------+

Nets assigned to row global resources
+--------+------+------+
| Fanout | Type | Name |
+--------+------+------+
+--------+------+------+

High fanout nets
+--------+---------+------------------------------------------------------+
| Fanout | Type    | Name                                                 |
+--------+---------+------------------------------------------------------+
| 15     | INT_NET | Net   : CORERMII_0/U_RMII_RX/rsfd                    |
|        |         | Driver: CORERMII_0/U_RMII_RX/rsfd                    |
| 11     | INT_NET | Net   : RMII_CRSDV_c                                 |
|        |         | Driver: RMII_CRSDV_ibuf                              |
| 7      | INT_NET | Net   : CORERMII_0/U_RMII_RX/spred                   |
|        |         | Driver: CORERMII_0/U_RMII_RX/spred                   |
| 7      | INT_NET | Net   : CORERMII_0/U_RMII_RX/rxdata_en               |
|        |         | Driver: CORERMII_0/U_RMII_RX/rxdata_en               |
| 6      | INT_NET | Net   : M2S010_Ethernet_MSS_0_MAC_MII_TX_EN          |
|        |         | Driver: M2S010_Ethernet_MSS_0/MSS_ADLIB_INST         |
| 5      | INT_NET | Net   : CORERMII_0/U_RMII_RX/rmii2rx_rrxd[7]         |
|        |         | Driver: CORERMII_0/U_RMII_RX/rmii2rx_rrxd[7]         |
| 5      | INT_NET | Net   : CORERMII_0/U_RMII_RX/N_80_mux                |
|        |         | Driver: CORERMII_0/U_RMII_RX/rmii2rx_rrxd_RNI2JND[0] |
| 5      | INT_NET | Net   : CORERMII_0/U_RMII_RX/N_34                    |
|        |         | Driver: CORERMII_0/U_RMII_RX/rmii2rx_scrsdv2_RNIB8K9 |
| 4      | INT_NET | Net   : CORERMII_0/U_RMII_RX/srfcd                   |
|        |         | Driver: CORERMII_0/U_RMII_RX/srfcd                   |
| 4      | INT_NET | Net   : CORERMII_0/U_RMII_TX/txen_mreg               |
|        |         | Driver: CORERMII_0/U_RMII_TX/txen_mreg               |
+--------+---------+------------------------------------------------------+

High fanout nets (through buffer trees)
+--------+---------+------------------------------------------------------+
| Fanout | Type    | Name                                                 |
+--------+---------+------------------------------------------------------+
| 15     | INT_NET | Net   : CORERMII_0/U_RMII_RX/rsfd                    |
|        |         | Driver: CORERMII_0/U_RMII_RX/rsfd                    |
| 11     | INT_NET | Net   : RMII_CRSDV_c                                 |
|        |         | Driver: RMII_CRSDV_ibuf                              |
| 7      | INT_NET | Net   : CORERMII_0/U_RMII_RX/spred                   |
|        |         | Driver: CORERMII_0/U_RMII_RX/spred                   |
| 7      | INT_NET | Net   : CORERMII_0/U_RMII_RX/rxdata_en               |
|        |         | Driver: CORERMII_0/U_RMII_RX/rxdata_en               |
| 6      | INT_NET | Net   : M2S010_Ethernet_MSS_0_MAC_MII_TX_EN          |
|        |         | Driver: M2S010_Ethernet_MSS_0/MSS_ADLIB_INST         |
| 5      | INT_NET | Net   : CORERMII_0/U_RMII_RX/rmii2rx_rrxd[7]         |
|        |         | Driver: CORERMII_0/U_RMII_RX/rmii2rx_rrxd[7]         |
| 5      | INT_NET | Net   : CORERMII_0/U_RMII_RX/N_80_mux                |
|        |         | Driver: CORERMII_0/U_RMII_RX/rmii2rx_rrxd_RNI2JND[0] |
| 5      | INT_NET | Net   : CORERMII_0/U_RMII_RX/N_34                    |
|        |         | Driver: CORERMII_0/U_RMII_RX/rmii2rx_scrsdv2_RNIB8K9 |
| 4      | INT_NET | Net   : CORERMII_0/U_RMII_RX/srfcd                   |
|        |         | Driver: CORERMII_0/U_RMII_RX/srfcd                   |
| 4      | INT_NET | Net   : CORERMII_0/U_RMII_TX/txen_mreg               |
|        |         | Driver: CORERMII_0/U_RMII_TX/txen_mreg               |
+--------+---------+------------------------------------------------------+

